2024-05-04T13:55:39.951+02:00  INFO 9316 --- [todo-one] [restartedMain] com.ali.java.todo.TodoOneApplication     : Starting TodoOneApplication using Java 21.0.2 with PID 9316 (C:\Users\Electronica Care\Downloads\todo-one\todo-one\target\classes started by Electronica Care in C:\Users\Electronica Care\Downloads\todo-one\todo-one)
2024-05-04T13:55:39.954+02:00  INFO 9316 --- [todo-one] [restartedMain] com.ali.java.todo.TodoOneApplication     : No active profile set, falling back to 1 default profile: "default"
2024-05-04T13:55:40.028+02:00  INFO 9316 --- [todo-one] [restartedMain] .e.DevToolsPropertyDefaultsPostProcessor : Devtools property defaults active! Set 'spring.devtools.add-properties' to 'false' to disable
2024-05-04T13:55:40.028+02:00  INFO 9316 --- [todo-one] [restartedMain] .e.DevToolsPropertyDefaultsPostProcessor : For additional web related logging consider setting the 'logging.level.web' property to 'DEBUG'
2024-05-04T13:55:41.357+02:00  INFO 9316 --- [todo-one] [restartedMain] .s.d.r.c.RepositoryConfigurationDelegate : Bootstrapping Spring Data JPA repositories in DEFAULT mode.
2024-05-04T13:55:41.430+02:00  INFO 9316 --- [todo-one] [restartedMain] .s.d.r.c.RepositoryConfigurationDelegate : Finished Spring Data repository scanning in 63 ms. Found 2 JPA repository interfaces.
2024-05-04T13:55:42.459+02:00  INFO 9316 --- [todo-one] [restartedMain] o.s.b.w.embedded.tomcat.TomcatWebServer  : Tomcat initialized with port 8000 (http)
2024-05-04T13:55:42.475+02:00  INFO 9316 --- [todo-one] [restartedMain] o.apache.catalina.core.StandardService   : Starting service [Tomcat]
2024-05-04T13:55:42.475+02:00  INFO 9316 --- [todo-one] [restartedMain] o.apache.catalina.core.StandardEngine    : Starting Servlet engine: [Apache Tomcat/10.1.20]
2024-05-04T13:55:42.532+02:00  INFO 9316 --- [todo-one] [restartedMain] o.a.c.c.C.[Tomcat].[localhost].[/]       : Initializing Spring embedded WebApplicationContext
2024-05-04T13:55:42.533+02:00  INFO 9316 --- [todo-one] [restartedMain] w.s.c.ServletWebServerApplicationContext : Root WebApplicationContext: initialization completed in 2503 ms
2024-05-04T13:55:42.940+02:00  INFO 9316 --- [todo-one] [restartedMain] o.hibernate.jpa.internal.util.LogHelper  : HHH000204: Processing PersistenceUnitInfo [name: default]
2024-05-04T13:55:43.045+02:00  INFO 9316 --- [todo-one] [restartedMain] org.hibernate.Version                    : HHH000412: Hibernate ORM core version 6.4.4.Final
2024-05-04T13:55:43.147+02:00  INFO 9316 --- [todo-one] [restartedMain] o.h.c.internal.RegionFactoryInitiator    : HHH000026: Second-level cache disabled
2024-05-04T13:55:43.571+02:00  INFO 9316 --- [todo-one] [restartedMain] o.s.o.j.p.SpringPersistenceUnitInfo      : No LoadTimeWeaver setup: ignoring JPA class transformer
2024-05-04T13:55:43.609+02:00  INFO 9316 --- [todo-one] [restartedMain] com.zaxxer.hikari.HikariDataSource       : HikariPool-1 - Starting...
2024-05-04T13:55:44.059+02:00  INFO 9316 --- [todo-one] [restartedMain] com.zaxxer.hikari.pool.HikariPool        : HikariPool-1 - Added connection com.mysql.cj.jdbc.ConnectionImpl@7719c08
2024-05-04T13:55:44.064+02:00  INFO 9316 --- [todo-one] [restartedMain] com.zaxxer.hikari.HikariDataSource       : HikariPool-1 - Start completed.
2024-05-04T13:55:45.050+02:00  INFO 9316 --- [todo-one] [restartedMain] o.h.e.t.j.p.i.JtaPlatformInitiator       : HHH000489: No JTA platform available (set 'hibernate.transaction.jta.platform' to enable JTA platform integration)
2024-05-04T13:55:45.161+02:00  INFO 9316 --- [todo-one] [restartedMain] j.LocalContainerEntityManagerFactoryBean : Initialized JPA EntityManagerFactory for persistence unit 'default'
2024-05-04T13:55:45.578+02:00  WARN 9316 --- [todo-one] [restartedMain] JpaBaseConfiguration$JpaWebConfiguration : spring.jpa.open-in-view is enabled by default. Therefore, database queries may be performed during view rendering. Explicitly configure spring.jpa.open-in-view to disable this warning
2024-05-04T13:55:46.526+02:00  INFO 9316 --- [todo-one] [restartedMain] o.s.b.d.a.OptionalLiveReloadServer       : LiveReload server is running on port 35729
2024-05-04T13:55:46.550+02:00  INFO 9316 --- [todo-one] [restartedMain] o.s.b.a.e.web.EndpointLinksResolver      : Exposing 3 endpoint(s) beneath base path '/actuator'
2024-05-04T13:55:46.668+02:00  INFO 9316 --- [todo-one] [restartedMain] o.s.b.w.embedded.tomcat.TomcatWebServer  : Tomcat started on port 8000 (http) with context path ''
2024-05-04T13:55:46.685+02:00  INFO 9316 --- [todo-one] [restartedMain] com.ali.java.todo.TodoOneApplication     : Started TodoOneApplication in 7.349 seconds (process running for 7.985)
2024-05-04T13:55:48.911+02:00  INFO 9316 --- [todo-one] [SpringApplicationShutdownHook] j.LocalContainerEntityManagerFactoryBean : Closing JPA EntityManagerFactory for persistence unit 'default'
2024-05-04T13:55:48.915+02:00  INFO 9316 --- [todo-one] [SpringApplicationShutdownHook] com.zaxxer.hikari.HikariDataSource       : HikariPool-1 - Shutdown initiated...
2024-05-04T13:55:48.924+02:00  INFO 9316 --- [todo-one] [SpringApplicationShutdownHook] com.zaxxer.hikari.HikariDataSource       : HikariPool-1 - Shutdown completed.
2024-05-04T13:59:58.114+02:00  INFO 17104 --- [todo-one] [restartedMain] com.ali.java.todo.TodoOneApplication     : Starting TodoOneApplication using Java 21.0.2 with PID 17104 (C:\Users\Electronica Care\Downloads\todo-one\todo-one\target\classes started by Electronica Care in C:\Users\Electronica Care\Downloads\todo-one\todo-one)
2024-05-04T13:59:58.116+02:00  INFO 17104 --- [todo-one] [restartedMain] com.ali.java.todo.TodoOneApplication     : No active profile set, falling back to 1 default profile: "default"
2024-05-04T13:59:58.172+02:00  INFO 17104 --- [todo-one] [restartedMain] .e.DevToolsPropertyDefaultsPostProcessor : Devtools property defaults active! Set 'spring.devtools.add-properties' to 'false' to disable
2024-05-04T13:59:58.172+02:00  INFO 17104 --- [todo-one] [restartedMain] .e.DevToolsPropertyDefaultsPostProcessor : For additional web related logging consider setting the 'logging.level.web' property to 'DEBUG'
2024-05-04T13:59:59.266+02:00  INFO 17104 --- [todo-one] [restartedMain] .s.d.r.c.RepositoryConfigurationDelegate : Bootstrapping Spring Data JPA repositories in DEFAULT mode.
2024-05-04T13:59:59.334+02:00  INFO 17104 --- [todo-one] [restartedMain] .s.d.r.c.RepositoryConfigurationDelegate : Finished Spring Data repository scanning in 58 ms. Found 2 JPA repository interfaces.
2024-05-04T14:00:00.286+02:00  INFO 17104 --- [todo-one] [restartedMain] o.s.b.w.embedded.tomcat.TomcatWebServer  : Tomcat initialized with port 8000 (http)
2024-05-04T14:00:00.300+02:00  INFO 17104 --- [todo-one] [restartedMain] o.apache.catalina.core.StandardService   : Starting service [Tomcat]
2024-05-04T14:00:00.301+02:00  INFO 17104 --- [todo-one] [restartedMain] o.apache.catalina.core.StandardEngine    : Starting Servlet engine: [Apache Tomcat/10.1.20]
2024-05-04T14:00:00.358+02:00  INFO 17104 --- [todo-one] [restartedMain] o.a.c.c.C.[Tomcat].[localhost].[/]       : Initializing Spring embedded WebApplicationContext
2024-05-04T14:00:00.358+02:00  INFO 17104 --- [todo-one] [restartedMain] w.s.c.ServletWebServerApplicationContext : Root WebApplicationContext: initialization completed in 2186 ms
2024-05-04T14:00:00.755+02:00  INFO 17104 --- [todo-one] [restartedMain] o.hibernate.jpa.internal.util.LogHelper  : HHH000204: Processing PersistenceUnitInfo [name: default]
2024-05-04T14:00:00.834+02:00  INFO 17104 --- [todo-one] [restartedMain] org.hibernate.Version                    : HHH000412: Hibernate ORM core version 6.4.4.Final
2024-05-04T14:00:00.891+02:00  INFO 17104 --- [todo-one] [restartedMain] o.h.c.internal.RegionFactoryInitiator    : HHH000026: Second-level cache disabled
2024-05-04T14:00:01.142+02:00  INFO 17104 --- [todo-one] [restartedMain] o.s.o.j.p.SpringPersistenceUnitInfo      : No LoadTimeWeaver setup: ignoring JPA class transformer
2024-05-04T14:00:01.170+02:00  INFO 17104 --- [todo-one] [restartedMain] com.zaxxer.hikari.HikariDataSource       : HikariPool-1 - Starting...
2024-05-04T14:00:01.669+02:00  INFO 17104 --- [todo-one] [restartedMain] com.zaxxer.hikari.pool.HikariPool        : HikariPool-1 - Added connection com.mysql.cj.jdbc.ConnectionImpl@26d24dce
2024-05-04T14:00:01.671+02:00  INFO 17104 --- [todo-one] [restartedMain] com.zaxxer.hikari.HikariDataSource       : HikariPool-1 - Start completed.
2024-05-04T14:00:02.812+02:00  INFO 17104 --- [todo-one] [restartedMain] o.h.e.t.j.p.i.JtaPlatformInitiator       : HHH000489: No JTA platform available (set 'hibernate.transaction.jta.platform' to enable JTA platform integration)
2024-05-04T14:00:02.881+02:00  INFO 17104 --- [todo-one] [restartedMain] j.LocalContainerEntityManagerFactoryBean : Initialized JPA EntityManagerFactory for persistence unit 'default'
2024-05-04T14:00:03.295+02:00  WARN 17104 --- [todo-one] [restartedMain] JpaBaseConfiguration$JpaWebConfiguration : spring.jpa.open-in-view is enabled by default. Therefore, database queries may be performed during view rendering. Explicitly configure spring.jpa.open-in-view to disable this warning
2024-05-04T14:00:04.092+02:00  INFO 17104 --- [todo-one] [restartedMain] o.s.b.d.a.OptionalLiveReloadServer       : LiveReload server is running on port 35729
2024-05-04T14:00:04.109+02:00  INFO 17104 --- [todo-one] [restartedMain] o.s.b.a.e.web.EndpointLinksResolver      : Exposing 3 endpoint(s) beneath base path '/actuator'
2024-05-04T14:00:04.210+02:00  INFO 17104 --- [todo-one] [restartedMain] o.s.b.w.embedded.tomcat.TomcatWebServer  : Tomcat started on port 8000 (http) with context path ''
2024-05-04T14:00:04.222+02:00  INFO 17104 --- [todo-one] [restartedMain] com.ali.java.todo.TodoOneApplication     : Started TodoOneApplication in 6.715 seconds (process running for 7.296)
2024-05-04T14:00:15.912+02:00  INFO 17104 --- [todo-one] [SpringApplicationShutdownHook] j.LocalContainerEntityManagerFactoryBean : Closing JPA EntityManagerFactory for persistence unit 'default'
2024-05-04T14:00:15.915+02:00  INFO 17104 --- [todo-one] [SpringApplicationShutdownHook] com.zaxxer.hikari.HikariDataSource       : HikariPool-1 - Shutdown initiated...
2024-05-04T14:00:15.927+02:00  INFO 17104 --- [todo-one] [SpringApplicationShutdownHook] com.zaxxer.hikari.HikariDataSource       : HikariPool-1 - Shutdown completed.
2024-05-04T14:17:20.260+02:00  INFO 5020 --- [todo-one] [main] c.ali.java.todo.TodoOneApplicationTests  : Starting TodoOneApplicationTests using Java 21.0.2 with PID 5020 (started by Electronica Care in C:\Users\Electronica Care\Downloads\todo-one\todo-one)
2024-05-04T14:17:20.262+02:00  INFO 5020 --- [todo-one] [main] c.ali.java.todo.TodoOneApplicationTests  : No active profile set, falling back to 1 default profile: "default"
2024-05-04T14:17:21.378+02:00  INFO 5020 --- [todo-one] [main] .s.d.r.c.RepositoryConfigurationDelegate : Bootstrapping Spring Data JPA repositories in DEFAULT mode.
2024-05-04T14:17:21.488+02:00  INFO 5020 --- [todo-one] [main] .s.d.r.c.RepositoryConfigurationDelegate : Finished Spring Data repository scanning in 84 ms. Found 2 JPA repository interfaces.
2024-05-04T14:17:22.295+02:00  INFO 5020 --- [todo-one] [main] o.hibernate.jpa.internal.util.LogHelper  : HHH000204: Processing PersistenceUnitInfo [name: default]
2024-05-04T14:17:22.382+02:00  INFO 5020 --- [todo-one] [main] org.hibernate.Version                    : HHH000412: Hibernate ORM core version 6.4.4.Final
2024-05-04T14:17:22.428+02:00  INFO 5020 --- [todo-one] [main] o.h.c.internal.RegionFactoryInitiator    : HHH000026: Second-level cache disabled
2024-05-04T14:17:22.797+02:00  INFO 5020 --- [todo-one] [main] o.s.o.j.p.SpringPersistenceUnitInfo      : No LoadTimeWeaver setup: ignoring JPA class transformer
2024-05-04T14:17:22.835+02:00  INFO 5020 --- [todo-one] [main] com.zaxxer.hikari.HikariDataSource       : HikariPool-1 - Starting...
2024-05-04T14:17:23.225+02:00  INFO 5020 --- [todo-one] [main] com.zaxxer.hikari.pool.HikariPool        : HikariPool-1 - Added connection com.mysql.cj.jdbc.ConnectionImpl@6fe5da76
2024-05-04T14:17:23.233+02:00  INFO 5020 --- [todo-one] [main] com.zaxxer.hikari.HikariDataSource       : HikariPool-1 - Start completed.
2024-05-04T14:17:24.304+02:00  INFO 5020 --- [todo-one] [main] o.h.e.t.j.p.i.JtaPlatformInitiator       : HHH000489: No JTA platform available (set 'hibernate.transaction.jta.platform' to enable JTA platform integration)
2024-05-04T14:17:24.374+02:00  INFO 5020 --- [todo-one] [main] j.LocalContainerEntityManagerFactoryBean : Initialized JPA EntityManagerFactory for persistence unit 'default'
2024-05-04T14:17:25.044+02:00  WARN 5020 --- [todo-one] [main] JpaBaseConfiguration$JpaWebConfiguration : spring.jpa.open-in-view is enabled by default. Therefore, database queries may be performed during view rendering. Explicitly configure spring.jpa.open-in-view to disable this warning
2024-05-04T14:17:26.128+02:00  INFO 5020 --- [todo-one] [main] o.s.b.a.e.web.EndpointLinksResolver      : Exposing 3 endpoint(s) beneath base path '/actuator'
2024-05-04T14:17:26.217+02:00  INFO 5020 --- [todo-one] [main] c.ali.java.todo.TodoOneApplicationTests  : Started TodoOneApplicationTests in 6.267 seconds (process running for 7.431)
2024-05-04T14:17:26.983+02:00  INFO 5020 --- [todo-one] [SpringApplicationShutdownHook] j.LocalContainerEntityManagerFactoryBean : Closing JPA EntityManagerFactory for persistence unit 'default'
2024-05-04T14:17:26.991+02:00  INFO 5020 --- [todo-one] [SpringApplicationShutdownHook] com.zaxxer.hikari.HikariDataSource       : HikariPool-1 - Shutdown initiated...
2024-05-04T14:17:27.007+02:00  INFO 5020 --- [todo-one] [SpringApplicationShutdownHook] com.zaxxer.hikari.HikariDataSource       : HikariPool-1 - Shutdown completed.
2024-05-04T14:17:43.363+02:00  INFO 12312 --- [todo-one] [restartedMain] com.ali.java.todo.TodoOneApplication     : Starting TodoOneApplication using Java 21.0.2 with PID 12312 (C:\Users\Electronica Care\Downloads\todo-one\todo-one\target\classes started by Electronica Care in C:\Users\Electronica Care\Downloads\todo-one\todo-one)
2024-05-04T14:17:43.365+02:00  INFO 12312 --- [todo-one] [restartedMain] com.ali.java.todo.TodoOneApplication     : No active profile set, falling back to 1 default profile: "default"
2024-05-04T14:17:43.433+02:00  INFO 12312 --- [todo-one] [restartedMain] .e.DevToolsPropertyDefaultsPostProcessor : Devtools property defaults active! Set 'spring.devtools.add-properties' to 'false' to disable
2024-05-04T14:17:43.433+02:00  INFO 12312 --- [todo-one] [restartedMain] .e.DevToolsPropertyDefaultsPostProcessor : For additional web related logging consider setting the 'logging.level.web' property to 'DEBUG'
2024-05-04T14:17:44.771+02:00  INFO 12312 --- [todo-one] [restartedMain] .s.d.r.c.RepositoryConfigurationDelegate : Bootstrapping Spring Data JPA repositories in DEFAULT mode.
2024-05-04T14:17:44.873+02:00  INFO 12312 --- [todo-one] [restartedMain] .s.d.r.c.RepositoryConfigurationDelegate : Finished Spring Data repository scanning in 89 ms. Found 2 JPA repository interfaces.
2024-05-04T14:17:46.014+02:00  INFO 12312 --- [todo-one] [restartedMain] o.s.b.w.embedded.tomcat.TomcatWebServer  : Tomcat initialized with port 8000 (http)
2024-05-04T14:17:46.030+02:00  INFO 12312 --- [todo-one] [restartedMain] o.apache.catalina.core.StandardService   : Starting service [Tomcat]
2024-05-04T14:17:46.031+02:00  INFO 12312 --- [todo-one] [restartedMain] o.apache.catalina.core.StandardEngine    : Starting Servlet engine: [Apache Tomcat/10.1.20]
2024-05-04T14:17:46.105+02:00  INFO 12312 --- [todo-one] [restartedMain] o.a.c.c.C.[Tomcat].[localhost].[/]       : Initializing Spring embedded WebApplicationContext
2024-05-04T14:17:46.106+02:00  INFO 12312 --- [todo-one] [restartedMain] w.s.c.ServletWebServerApplicationContext : Root WebApplicationContext: initialization completed in 2671 ms
2024-05-04T14:17:46.777+02:00  INFO 12312 --- [todo-one] [restartedMain] o.hibernate.jpa.internal.util.LogHelper  : HHH000204: Processing PersistenceUnitInfo [name: default]
2024-05-04T14:17:46.862+02:00  INFO 12312 --- [todo-one] [restartedMain] org.hibernate.Version                    : HHH000412: Hibernate ORM core version 6.4.4.Final
2024-05-04T14:17:46.901+02:00  INFO 12312 --- [todo-one] [restartedMain] o.h.c.internal.RegionFactoryInitiator    : HHH000026: Second-level cache disabled
2024-05-04T14:17:47.190+02:00  INFO 12312 --- [todo-one] [restartedMain] o.s.o.j.p.SpringPersistenceUnitInfo      : No LoadTimeWeaver setup: ignoring JPA class transformer
2024-05-04T14:17:47.231+02:00  INFO 12312 --- [todo-one] [restartedMain] com.zaxxer.hikari.HikariDataSource       : HikariPool-1 - Starting...
2024-05-04T14:17:47.600+02:00  INFO 12312 --- [todo-one] [restartedMain] com.zaxxer.hikari.pool.HikariPool        : HikariPool-1 - Added connection com.mysql.cj.jdbc.ConnectionImpl@3ca82e27
2024-05-04T14:17:47.604+02:00  INFO 12312 --- [todo-one] [restartedMain] com.zaxxer.hikari.HikariDataSource       : HikariPool-1 - Start completed.
2024-05-04T14:17:48.553+02:00  INFO 12312 --- [todo-one] [restartedMain] o.h.e.t.j.p.i.JtaPlatformInitiator       : HHH000489: No JTA platform available (set 'hibernate.transaction.jta.platform' to enable JTA platform integration)
2024-05-04T14:17:48.631+02:00  INFO 12312 --- [todo-one] [restartedMain] j.LocalContainerEntityManagerFactoryBean : Initialized JPA EntityManagerFactory for persistence unit 'default'
2024-05-04T14:17:49.095+02:00  WARN 12312 --- [todo-one] [restartedMain] JpaBaseConfiguration$JpaWebConfiguration : spring.jpa.open-in-view is enabled by default. Therefore, database queries may be performed during view rendering. Explicitly configure spring.jpa.open-in-view to disable this warning
2024-05-04T14:17:49.955+02:00  INFO 12312 --- [todo-one] [restartedMain] o.s.b.d.a.OptionalLiveReloadServer       : LiveReload server is running on port 35729
2024-05-04T14:17:49.972+02:00  INFO 12312 --- [todo-one] [restartedMain] o.s.b.a.e.web.EndpointLinksResolver      : Exposing 3 endpoint(s) beneath base path '/actuator'
2024-05-04T14:17:50.068+02:00  INFO 12312 --- [todo-one] [restartedMain] o.s.b.w.embedded.tomcat.TomcatWebServer  : Tomcat started on port 8000 (http) with context path ''
2024-05-04T14:17:50.083+02:00  INFO 12312 --- [todo-one] [restartedMain] com.ali.java.todo.TodoOneApplication     : Started TodoOneApplication in 7.297 seconds (process running for 7.863)
2024-05-04T14:17:54.238+02:00  INFO 12312 --- [todo-one] [SpringApplicationShutdownHook] j.LocalContainerEntityManagerFactoryBean : Closing JPA EntityManagerFactory for persistence unit 'default'
2024-05-04T14:17:54.241+02:00  INFO 12312 --- [todo-one] [SpringApplicationShutdownHook] com.zaxxer.hikari.HikariDataSource       : HikariPool-1 - Shutdown initiated...
2024-05-04T14:17:54.251+02:00  INFO 12312 --- [todo-one] [SpringApplicationShutdownHook] com.zaxxer.hikari.HikariDataSource       : HikariPool-1 - Shutdown completed.
2024-05-04T14:18:07.575+02:00  INFO 11368 --- [todo-one] [main] c.ali.java.todo.TodoOneApplicationTests  : Starting TodoOneApplicationTests using Java 21.0.2 with PID 11368 (started by Electronica Care in C:\Users\Electronica Care\Downloads\todo-one\todo-one)
2024-05-04T14:18:07.578+02:00  INFO 11368 --- [todo-one] [main] c.ali.java.todo.TodoOneApplicationTests  : No active profile set, falling back to 1 default profile: "default"
2024-05-04T14:18:08.659+02:00  INFO 11368 --- [todo-one] [main] .s.d.r.c.RepositoryConfigurationDelegate : Bootstrapping Spring Data JPA repositories in DEFAULT mode.
2024-05-04T14:18:08.732+02:00  INFO 11368 --- [todo-one] [main] .s.d.r.c.RepositoryConfigurationDelegate : Finished Spring Data repository scanning in 56 ms. Found 2 JPA repository interfaces.
2024-05-04T14:18:09.455+02:00  INFO 11368 --- [todo-one] [main] o.hibernate.jpa.internal.util.LogHelper  : HHH000204: Processing PersistenceUnitInfo [name: default]
2024-05-04T14:18:09.558+02:00  INFO 11368 --- [todo-one] [main] org.hibernate.Version                    : HHH000412: Hibernate ORM core version 6.4.4.Final
2024-05-04T14:18:09.602+02:00  INFO 11368 --- [todo-one] [main] o.h.c.internal.RegionFactoryInitiator    : HHH000026: Second-level cache disabled
2024-05-04T14:18:09.900+02:00  INFO 11368 --- [todo-one] [main] o.s.o.j.p.SpringPersistenceUnitInfo      : No LoadTimeWeaver setup: ignoring JPA class transformer
2024-05-04T14:18:09.932+02:00  INFO 11368 --- [todo-one] [main] com.zaxxer.hikari.HikariDataSource       : HikariPool-1 - Starting...
2024-05-04T14:18:10.363+02:00  INFO 11368 --- [todo-one] [main] com.zaxxer.hikari.pool.HikariPool        : HikariPool-1 - Added connection com.mysql.cj.jdbc.ConnectionImpl@3f122cdc
2024-05-04T14:18:10.366+02:00  INFO 11368 --- [todo-one] [main] com.zaxxer.hikari.HikariDataSource       : HikariPool-1 - Start completed.
2024-05-04T14:18:11.428+02:00  INFO 11368 --- [todo-one] [main] o.h.e.t.j.p.i.JtaPlatformInitiator       : HHH000489: No JTA platform available (set 'hibernate.transaction.jta.platform' to enable JTA platform integration)
2024-05-04T14:18:11.511+02:00  INFO 11368 --- [todo-one] [main] j.LocalContainerEntityManagerFactoryBean : Initialized JPA EntityManagerFactory for persistence unit 'default'
2024-05-04T14:18:12.153+02:00  WARN 11368 --- [todo-one] [main] JpaBaseConfiguration$JpaWebConfiguration : spring.jpa.open-in-view is enabled by default. Therefore, database queries may be performed during view rendering. Explicitly configure spring.jpa.open-in-view to disable this warning
2024-05-04T14:18:13.162+02:00  INFO 11368 --- [todo-one] [main] o.s.b.a.e.web.EndpointLinksResolver      : Exposing 3 endpoint(s) beneath base path '/actuator'
2024-05-04T14:18:13.242+02:00  INFO 11368 --- [todo-one] [main] c.ali.java.todo.TodoOneApplicationTests  : Started TodoOneApplicationTests in 6.018 seconds (process running for 7.099)
2024-05-04T14:18:13.933+02:00  INFO 11368 --- [todo-one] [SpringApplicationShutdownHook] j.LocalContainerEntityManagerFactoryBean : Closing JPA EntityManagerFactory for persistence unit 'default'
2024-05-04T14:18:13.935+02:00  INFO 11368 --- [todo-one] [SpringApplicationShutdownHook] com.zaxxer.hikari.HikariDataSource       : HikariPool-1 - Shutdown initiated...
2024-05-04T14:18:13.951+02:00  INFO 11368 --- [todo-one] [SpringApplicationShutdownHook] com.zaxxer.hikari.HikariDataSource       : HikariPool-1 - Shutdown completed.
2024-05-04T14:19:48.185+02:00  INFO 22628 --- [todo-one] [main] c.ali.java.todo.TodoOneApplicationTests  : Starting TodoOneApplicationTests using Java 21.0.2 with PID 22628 (started by Electronica Care in C:\Users\Electronica Care\Downloads\todo-one\todo-one)
2024-05-04T14:19:48.187+02:00  INFO 22628 --- [todo-one] [main] c.ali.java.todo.TodoOneApplicationTests  : No active profile set, falling back to 1 default profile: "default"
2024-05-04T14:19:49.354+02:00  INFO 22628 --- [todo-one] [main] .s.d.r.c.RepositoryConfigurationDelegate : Bootstrapping Spring Data JPA repositories in DEFAULT mode.
2024-05-04T14:19:49.426+02:00  INFO 22628 --- [todo-one] [main] .s.d.r.c.RepositoryConfigurationDelegate : Finished Spring Data repository scanning in 62 ms. Found 2 JPA repository interfaces.
2024-05-04T14:19:50.115+02:00  INFO 22628 --- [todo-one] [main] o.hibernate.jpa.internal.util.LogHelper  : HHH000204: Processing PersistenceUnitInfo [name: default]
2024-05-04T14:19:50.234+02:00  INFO 22628 --- [todo-one] [main] org.hibernate.Version                    : HHH000412: Hibernate ORM core version 6.4.4.Final
2024-05-04T14:19:50.297+02:00  INFO 22628 --- [todo-one] [main] o.h.c.internal.RegionFactoryInitiator    : HHH000026: Second-level cache disabled
2024-05-04T14:19:50.630+02:00  INFO 22628 --- [todo-one] [main] o.s.o.j.p.SpringPersistenceUnitInfo      : No LoadTimeWeaver setup: ignoring JPA class transformer
2024-05-04T14:19:50.662+02:00  INFO 22628 --- [todo-one] [main] com.zaxxer.hikari.HikariDataSource       : HikariPool-1 - Starting...
2024-05-04T14:19:51.040+02:00  INFO 22628 --- [todo-one] [main] com.zaxxer.hikari.pool.HikariPool        : HikariPool-1 - Added connection com.mysql.cj.jdbc.ConnectionImpl@ba0018e
2024-05-04T14:19:51.042+02:00  INFO 22628 --- [todo-one] [main] com.zaxxer.hikari.HikariDataSource       : HikariPool-1 - Start completed.
2024-05-04T14:19:52.070+02:00  INFO 22628 --- [todo-one] [main] o.h.e.t.j.p.i.JtaPlatformInitiator       : HHH000489: No JTA platform available (set 'hibernate.transaction.jta.platform' to enable JTA platform integration)
2024-05-04T14:19:52.139+02:00  INFO 22628 --- [todo-one] [main] j.LocalContainerEntityManagerFactoryBean : Initialized JPA EntityManagerFactory for persistence unit 'default'
2024-05-04T14:19:52.782+02:00  WARN 22628 --- [todo-one] [main] JpaBaseConfiguration$JpaWebConfiguration : spring.jpa.open-in-view is enabled by default. Therefore, database queries may be performed during view rendering. Explicitly configure spring.jpa.open-in-view to disable this warning
2024-05-04T14:19:53.787+02:00  INFO 22628 --- [todo-one] [main] o.s.b.a.e.web.EndpointLinksResolver      : Exposing 3 endpoint(s) beneath base path '/actuator'
2024-05-04T14:19:53.865+02:00  INFO 22628 --- [todo-one] [main] c.ali.java.todo.TodoOneApplicationTests  : Started TodoOneApplicationTests in 6.107 seconds (process running for 7.142)
2024-05-04T14:19:54.573+02:00  INFO 22628 --- [todo-one] [SpringApplicationShutdownHook] j.LocalContainerEntityManagerFactoryBean : Closing JPA EntityManagerFactory for persistence unit 'default'
2024-05-04T14:19:54.576+02:00  INFO 22628 --- [todo-one] [SpringApplicationShutdownHook] com.zaxxer.hikari.HikariDataSource       : HikariPool-1 - Shutdown initiated...
2024-05-04T14:19:54.589+02:00  INFO 22628 --- [todo-one] [SpringApplicationShutdownHook] com.zaxxer.hikari.HikariDataSource       : HikariPool-1 - Shutdown completed.
2024-05-04T14:23:36.576+02:00  INFO 21164 --- [todo-one] [main] c.ali.java.todo.TodoOneApplicationTests  : Starting TodoOneApplicationTests using Java 21.0.2 with PID 21164 (started by Electronica Care in C:\Users\Electronica Care\Downloads\todo-one\todo-one)
2024-05-04T14:23:36.577+02:00  INFO 21164 --- [todo-one] [main] c.ali.java.todo.TodoOneApplicationTests  : No active profile set, falling back to 1 default profile: "default"
2024-05-04T14:23:37.669+02:00  INFO 21164 --- [todo-one] [main] .s.d.r.c.RepositoryConfigurationDelegate : Bootstrapping Spring Data JPA repositories in DEFAULT mode.
2024-05-04T14:23:37.740+02:00  INFO 21164 --- [todo-one] [main] .s.d.r.c.RepositoryConfigurationDelegate : Finished Spring Data repository scanning in 56 ms. Found 2 JPA repository interfaces.
2024-05-04T14:23:38.478+02:00  INFO 21164 --- [todo-one] [main] o.hibernate.jpa.internal.util.LogHelper  : HHH000204: Processing PersistenceUnitInfo [name: default]
2024-05-04T14:23:38.555+02:00  INFO 21164 --- [todo-one] [main] org.hibernate.Version                    : HHH000412: Hibernate ORM core version 6.4.4.Final
2024-05-04T14:23:38.593+02:00  INFO 21164 --- [todo-one] [main] o.h.c.internal.RegionFactoryInitiator    : HHH000026: Second-level cache disabled
2024-05-04T14:23:38.896+02:00  INFO 21164 --- [todo-one] [main] o.s.o.j.p.SpringPersistenceUnitInfo      : No LoadTimeWeaver setup: ignoring JPA class transformer
2024-05-04T14:23:38.930+02:00  INFO 21164 --- [todo-one] [main] com.zaxxer.hikari.HikariDataSource       : HikariPool-1 - Starting...
2024-05-04T14:23:39.292+02:00  INFO 21164 --- [todo-one] [main] com.zaxxer.hikari.pool.HikariPool        : HikariPool-1 - Added connection com.mysql.cj.jdbc.ConnectionImpl@18463720
2024-05-04T14:23:39.295+02:00  INFO 21164 --- [todo-one] [main] com.zaxxer.hikari.HikariDataSource       : HikariPool-1 - Start completed.
2024-05-04T14:23:40.274+02:00  INFO 21164 --- [todo-one] [main] o.h.e.t.j.p.i.JtaPlatformInitiator       : HHH000489: No JTA platform available (set 'hibernate.transaction.jta.platform' to enable JTA platform integration)
2024-05-04T14:23:40.365+02:00  INFO 21164 --- [todo-one] [main] j.LocalContainerEntityManagerFactoryBean : Initialized JPA EntityManagerFactory for persistence unit 'default'
2024-05-04T14:23:41.027+02:00  WARN 21164 --- [todo-one] [main] JpaBaseConfiguration$JpaWebConfiguration : spring.jpa.open-in-view is enabled by default. Therefore, database queries may be performed during view rendering. Explicitly configure spring.jpa.open-in-view to disable this warning
2024-05-04T14:23:41.979+02:00  INFO 21164 --- [todo-one] [main] o.s.b.a.e.web.EndpointLinksResolver      : Exposing 3 endpoint(s) beneath base path '/actuator'
2024-05-04T14:23:42.074+02:00  INFO 21164 --- [todo-one] [main] c.ali.java.todo.TodoOneApplicationTests  : Started TodoOneApplicationTests in 5.815 seconds (process running for 6.851)
2024-05-04T14:23:42.750+02:00  INFO 21164 --- [todo-one] [SpringApplicationShutdownHook] j.LocalContainerEntityManagerFactoryBean : Closing JPA EntityManagerFactory for persistence unit 'default'
2024-05-04T14:23:42.753+02:00  INFO 21164 --- [todo-one] [SpringApplicationShutdownHook] com.zaxxer.hikari.HikariDataSource       : HikariPool-1 - Shutdown initiated...
2024-05-04T14:23:42.765+02:00  INFO 21164 --- [todo-one] [SpringApplicationShutdownHook] com.zaxxer.hikari.HikariDataSource       : HikariPool-1 - Shutdown completed.
2024-05-04T14:24:33.591+02:00  INFO 23996 --- [todo-one] [main] c.ali.java.todo.TodoOneApplicationTests  : Starting TodoOneApplicationTests using Java 21.0.2 with PID 23996 (started by Electronica Care in C:\Users\Electronica Care\Downloads\todo-one\todo-one)
2024-05-04T14:24:33.592+02:00  INFO 23996 --- [todo-one] [main] c.ali.java.todo.TodoOneApplicationTests  : No active profile set, falling back to 1 default profile: "default"
2024-05-04T14:24:34.772+02:00  INFO 23996 --- [todo-one] [main] .s.d.r.c.RepositoryConfigurationDelegate : Bootstrapping Spring Data JPA repositories in DEFAULT mode.
2024-05-04T14:24:34.843+02:00  INFO 23996 --- [todo-one] [main] .s.d.r.c.RepositoryConfigurationDelegate : Finished Spring Data repository scanning in 58 ms. Found 2 JPA repository interfaces.
2024-05-04T14:24:35.604+02:00  INFO 23996 --- [todo-one] [main] o.hibernate.jpa.internal.util.LogHelper  : HHH000204: Processing PersistenceUnitInfo [name: default]
2024-05-04T14:24:35.685+02:00  INFO 23996 --- [todo-one] [main] org.hibernate.Version                    : HHH000412: Hibernate ORM core version 6.4.4.Final
2024-05-04T14:24:35.734+02:00  INFO 23996 --- [todo-one] [main] o.h.c.internal.RegionFactoryInitiator    : HHH000026: Second-level cache disabled
2024-05-04T14:24:36.027+02:00  INFO 23996 --- [todo-one] [main] o.s.o.j.p.SpringPersistenceUnitInfo      : No LoadTimeWeaver setup: ignoring JPA class transformer
2024-05-04T14:24:36.072+02:00  INFO 23996 --- [todo-one] [main] com.zaxxer.hikari.HikariDataSource       : HikariPool-1 - Starting...
2024-05-04T14:24:36.475+02:00  INFO 23996 --- [todo-one] [main] com.zaxxer.hikari.pool.HikariPool        : HikariPool-1 - Added connection com.mysql.cj.jdbc.ConnectionImpl@ba0018e
2024-05-04T14:24:36.483+02:00  INFO 23996 --- [todo-one] [main] com.zaxxer.hikari.HikariDataSource       : HikariPool-1 - Start completed.
2024-05-04T14:24:37.562+02:00  INFO 23996 --- [todo-one] [main] o.h.e.t.j.p.i.JtaPlatformInitiator       : HHH000489: No JTA platform available (set 'hibernate.transaction.jta.platform' to enable JTA platform integration)
2024-05-04T14:24:37.639+02:00  INFO 23996 --- [todo-one] [main] j.LocalContainerEntityManagerFactoryBean : Initialized JPA EntityManagerFactory for persistence unit 'default'
2024-05-04T14:24:38.268+02:00  WARN 23996 --- [todo-one] [main] JpaBaseConfiguration$JpaWebConfiguration : spring.jpa.open-in-view is enabled by default. Therefore, database queries may be performed during view rendering. Explicitly configure spring.jpa.open-in-view to disable this warning
2024-05-04T14:24:39.271+02:00  INFO 23996 --- [todo-one] [main] o.s.b.a.e.web.EndpointLinksResolver      : Exposing 3 endpoint(s) beneath base path '/actuator'
2024-05-04T14:24:39.351+02:00  INFO 23996 --- [todo-one] [main] c.ali.java.todo.TodoOneApplicationTests  : Started TodoOneApplicationTests in 6.114 seconds (process running for 7.186)
2024-05-04T14:24:40.094+02:00  INFO 23996 --- [todo-one] [SpringApplicationShutdownHook] j.LocalContainerEntityManagerFactoryBean : Closing JPA EntityManagerFactory for persistence unit 'default'
2024-05-04T14:24:40.097+02:00  INFO 23996 --- [todo-one] [SpringApplicationShutdownHook] com.zaxxer.hikari.HikariDataSource       : HikariPool-1 - Shutdown initiated...
2024-05-04T14:24:40.109+02:00  INFO 23996 --- [todo-one] [SpringApplicationShutdownHook] com.zaxxer.hikari.HikariDataSource       : HikariPool-1 - Shutdown completed.
2024-05-04T14:25:00.916+02:00  INFO 22812 --- [todo-one] [restartedMain] com.ali.java.todo.TodoOneApplication     : Starting TodoOneApplication using Java 21.0.2 with PID 22812 (C:\Users\Electronica Care\Downloads\todo-one\todo-one\target\classes started by Electronica Care in C:\Users\Electronica Care\Downloads\todo-one\todo-one)
2024-05-04T14:25:00.920+02:00  INFO 22812 --- [todo-one] [restartedMain] com.ali.java.todo.TodoOneApplication     : No active profile set, falling back to 1 default profile: "default"
2024-05-04T14:25:01.010+02:00  INFO 22812 --- [todo-one] [restartedMain] .e.DevToolsPropertyDefaultsPostProcessor : Devtools property defaults active! Set 'spring.devtools.add-properties' to 'false' to disable
2024-05-04T14:25:01.010+02:00  INFO 22812 --- [todo-one] [restartedMain] .e.DevToolsPropertyDefaultsPostProcessor : For additional web related logging consider setting the 'logging.level.web' property to 'DEBUG'
2024-05-04T14:25:02.267+02:00  INFO 22812 --- [todo-one] [restartedMain] .s.d.r.c.RepositoryConfigurationDelegate : Bootstrapping Spring Data JPA repositories in DEFAULT mode.
2024-05-04T14:25:02.327+02:00  INFO 22812 --- [todo-one] [restartedMain] .s.d.r.c.RepositoryConfigurationDelegate : Finished Spring Data repository scanning in 49 ms. Found 2 JPA repository interfaces.
2024-05-04T14:25:03.342+02:00  INFO 22812 --- [todo-one] [restartedMain] o.s.b.w.embedded.tomcat.TomcatWebServer  : Tomcat initialized with port 8000 (http)
2024-05-04T14:25:03.359+02:00  INFO 22812 --- [todo-one] [restartedMain] o.apache.catalina.core.StandardService   : Starting service [Tomcat]
2024-05-04T14:25:03.359+02:00  INFO 22812 --- [todo-one] [restartedMain] o.apache.catalina.core.StandardEngine    : Starting Servlet engine: [Apache Tomcat/10.1.20]
2024-05-04T14:25:03.421+02:00  INFO 22812 --- [todo-one] [restartedMain] o.a.c.c.C.[Tomcat].[localhost].[/]       : Initializing Spring embedded WebApplicationContext
2024-05-04T14:25:03.421+02:00  INFO 22812 --- [todo-one] [restartedMain] w.s.c.ServletWebServerApplicationContext : Root WebApplicationContext: initialization completed in 2410 ms
2024-05-04T14:25:03.933+02:00  INFO 22812 --- [todo-one] [restartedMain] o.hibernate.jpa.internal.util.LogHelper  : HHH000204: Processing PersistenceUnitInfo [name: default]
2024-05-04T14:25:04.005+02:00  INFO 22812 --- [todo-one] [restartedMain] org.hibernate.Version                    : HHH000412: Hibernate ORM core version 6.4.4.Final
2024-05-04T14:25:04.044+02:00  INFO 22812 --- [todo-one] [restartedMain] o.h.c.internal.RegionFactoryInitiator    : HHH000026: Second-level cache disabled
2024-05-04T14:25:04.271+02:00  INFO 22812 --- [todo-one] [restartedMain] o.s.o.j.p.SpringPersistenceUnitInfo      : No LoadTimeWeaver setup: ignoring JPA class transformer
2024-05-04T14:25:04.302+02:00  INFO 22812 --- [todo-one] [restartedMain] com.zaxxer.hikari.HikariDataSource       : HikariPool-1 - Starting...
2024-05-04T14:25:04.722+02:00  INFO 22812 --- [todo-one] [restartedMain] com.zaxxer.hikari.pool.HikariPool        : HikariPool-1 - Added connection com.mysql.cj.jdbc.ConnectionImpl@6df4de7f
2024-05-04T14:25:04.725+02:00  INFO 22812 --- [todo-one] [restartedMain] com.zaxxer.hikari.HikariDataSource       : HikariPool-1 - Start completed.
2024-05-04T14:25:06.003+02:00  INFO 22812 --- [todo-one] [restartedMain] o.h.e.t.j.p.i.JtaPlatformInitiator       : HHH000489: No JTA platform available (set 'hibernate.transaction.jta.platform' to enable JTA platform integration)
2024-05-04T14:25:06.107+02:00  INFO 22812 --- [todo-one] [restartedMain] j.LocalContainerEntityManagerFactoryBean : Initialized JPA EntityManagerFactory for persistence unit 'default'
2024-05-04T14:25:06.734+02:00  WARN 22812 --- [todo-one] [restartedMain] JpaBaseConfiguration$JpaWebConfiguration : spring.jpa.open-in-view is enabled by default. Therefore, database queries may be performed during view rendering. Explicitly configure spring.jpa.open-in-view to disable this warning
2024-05-04T14:25:08.229+02:00  INFO 22812 --- [todo-one] [restartedMain] o.s.b.d.a.OptionalLiveReloadServer       : LiveReload server is running on port 35729
2024-05-04T14:25:08.256+02:00  INFO 22812 --- [todo-one] [restartedMain] o.s.b.a.e.web.EndpointLinksResolver      : Exposing 3 endpoint(s) beneath base path '/actuator'
2024-05-04T14:25:08.409+02:00  INFO 22812 --- [todo-one] [restartedMain] o.s.b.w.embedded.tomcat.TomcatWebServer  : Tomcat started on port 8000 (http) with context path ''
2024-05-04T14:25:08.437+02:00  INFO 22812 --- [todo-one] [restartedMain] com.ali.java.todo.TodoOneApplication     : Started TodoOneApplication in 8.049 seconds (process running for 8.571)
2024-05-04T14:25:41.294+02:00  INFO 22812 --- [todo-one] [http-nio-8000-exec-1] o.a.c.c.C.[Tomcat].[localhost].[/]       : Initializing Spring DispatcherServlet 'dispatcherServlet'
2024-05-04T14:25:41.294+02:00  INFO 22812 --- [todo-one] [http-nio-8000-exec-1] o.s.web.servlet.DispatcherServlet        : Initializing Servlet 'dispatcherServlet'
2024-05-04T14:25:41.295+02:00  INFO 22812 --- [todo-one] [http-nio-8000-exec-1] o.s.web.servlet.DispatcherServlet        : Completed initialization in 1 ms
2024-05-04T14:28:22.979+02:00  INFO 22812 --- [todo-one] [File Watcher] rtingClassPathChangeChangedEventListener : Restarting due to 2 class path changes (0 additions, 1 deletion, 1 modification)
2024-05-04T14:28:22.991+02:00  INFO 22812 --- [todo-one] [Thread-5] j.LocalContainerEntityManagerFactoryBean : Closing JPA EntityManagerFactory for persistence unit 'default'
2024-05-04T14:28:22.994+02:00  INFO 22812 --- [todo-one] [Thread-5] com.zaxxer.hikari.HikariDataSource       : HikariPool-1 - Shutdown initiated...
2024-05-04T14:28:23.004+02:00  INFO 22812 --- [todo-one] [Thread-5] com.zaxxer.hikari.HikariDataSource       : HikariPool-1 - Shutdown completed.
2024-05-04T14:28:23.108+02:00  INFO 22812 --- [todo-one] [restartedMain] com.ali.java.todo.TodoOneApplication     : Starting TodoOneApplication using Java 21.0.2 with PID 22812 (C:\Users\Electronica Care\Downloads\todo-one\todo-one\target\classes started by Electronica Care in C:\Users\Electronica Care\Downloads\todo-one\todo-one)
2024-05-04T14:28:23.109+02:00  INFO 22812 --- [todo-one] [restartedMain] com.ali.java.todo.TodoOneApplication     : No active profile set, falling back to 1 default profile: "default"
2024-05-04T14:28:23.567+02:00  INFO 22812 --- [todo-one] [restartedMain] .s.d.r.c.RepositoryConfigurationDelegate : Bootstrapping Spring Data JPA repositories in DEFAULT mode.
2024-05-04T14:28:23.590+02:00  INFO 22812 --- [todo-one] [restartedMain] .s.d.r.c.RepositoryConfigurationDelegate : Finished Spring Data repository scanning in 22 ms. Found 2 JPA repository interfaces.
2024-05-04T14:28:23.846+02:00  INFO 22812 --- [todo-one] [restartedMain] o.s.b.w.embedded.tomcat.TomcatWebServer  : Tomcat initialized with port 8080 (http)
2024-05-04T14:28:23.847+02:00  INFO 22812 --- [todo-one] [restartedMain] o.apache.catalina.core.StandardService   : Starting service [Tomcat]
2024-05-04T14:28:23.847+02:00  INFO 22812 --- [todo-one] [restartedMain] o.apache.catalina.core.StandardEngine    : Starting Servlet engine: [Apache Tomcat/10.1.20]
2024-05-04T14:28:23.879+02:00  INFO 22812 --- [todo-one] [restartedMain] o.a.c.c.C.[Tomcat].[localhost].[/]       : Initializing Spring embedded WebApplicationContext
2024-05-04T14:28:23.880+02:00  INFO 22812 --- [todo-one] [restartedMain] w.s.c.ServletWebServerApplicationContext : Root WebApplicationContext: initialization completed in 767 ms
2024-05-04T14:28:24.062+02:00  INFO 22812 --- [todo-one] [restartedMain] o.hibernate.jpa.internal.util.LogHelper  : HHH000204: Processing PersistenceUnitInfo [name: default]
2024-05-04T14:28:24.065+02:00  INFO 22812 --- [todo-one] [restartedMain] o.h.c.internal.RegionFactoryInitiator    : HHH000026: Second-level cache disabled
2024-05-04T14:28:24.071+02:00  INFO 22812 --- [todo-one] [restartedMain] o.s.o.j.p.SpringPersistenceUnitInfo      : No LoadTimeWeaver setup: ignoring JPA class transformer
2024-05-04T14:28:24.073+02:00  INFO 22812 --- [todo-one] [restartedMain] com.zaxxer.hikari.HikariDataSource       : HikariPool-2 - Starting...
2024-05-04T14:28:24.144+02:00  INFO 22812 --- [todo-one] [restartedMain] com.zaxxer.hikari.pool.HikariPool        : HikariPool-2 - Added connection com.mysql.cj.jdbc.ConnectionImpl@71f54e70
2024-05-04T14:28:24.145+02:00  INFO 22812 --- [todo-one] [restartedMain] com.zaxxer.hikari.HikariDataSource       : HikariPool-2 - Start completed.
2024-05-04T14:28:24.299+02:00  INFO 22812 --- [todo-one] [restartedMain] o.h.e.t.j.p.i.JtaPlatformInitiator       : HHH000489: No JTA platform available (set 'hibernate.transaction.jta.platform' to enable JTA platform integration)
2024-05-04T14:28:24.331+02:00  INFO 22812 --- [todo-one] [restartedMain] j.LocalContainerEntityManagerFactoryBean : Initialized JPA EntityManagerFactory for persistence unit 'default'
2024-05-04T14:28:24.565+02:00  WARN 22812 --- [todo-one] [restartedMain] JpaBaseConfiguration$JpaWebConfiguration : spring.jpa.open-in-view is enabled by default. Therefore, database queries may be performed during view rendering. Explicitly configure spring.jpa.open-in-view to disable this warning
2024-05-04T14:28:24.979+02:00  INFO 22812 --- [todo-one] [restartedMain] o.s.b.d.a.OptionalLiveReloadServer       : LiveReload server is running on port 35729
2024-05-04T14:28:24.987+02:00  INFO 22812 --- [todo-one] [restartedMain] o.s.b.a.e.web.EndpointLinksResolver      : Exposing 3 endpoint(s) beneath base path '/actuator'
2024-05-04T14:28:25.025+02:00  INFO 22812 --- [todo-one] [restartedMain] o.s.b.w.embedded.tomcat.TomcatWebServer  : Tomcat started on port 8080 (http) with context path ''
2024-05-04T14:28:25.035+02:00  INFO 22812 --- [todo-one] [restartedMain] com.ali.java.todo.TodoOneApplication     : Started TodoOneApplication in 1.976 seconds (process running for 205.169)
2024-05-04T14:28:25.041+02:00  INFO 22812 --- [todo-one] [restartedMain] .ConditionEvaluationDeltaLoggingListener : Condition evaluation unchanged
2024-05-04T14:28:26.399+02:00  INFO 22812 --- [todo-one] [File Watcher] rtingClassPathChangeChangedEventListener : Restarting due to 1 class path change (1 addition, 0 deletions, 0 modifications)
2024-05-04T14:28:26.405+02:00  INFO 22812 --- [todo-one] [Thread-7] j.LocalContainerEntityManagerFactoryBean : Closing JPA EntityManagerFactory for persistence unit 'default'
2024-05-04T14:28:26.406+02:00  INFO 22812 --- [todo-one] [Thread-7] com.zaxxer.hikari.HikariDataSource       : HikariPool-2 - Shutdown initiated...
2024-05-04T14:28:26.410+02:00  INFO 22812 --- [todo-one] [Thread-7] com.zaxxer.hikari.HikariDataSource       : HikariPool-2 - Shutdown completed.
2024-05-04T14:28:26.485+02:00  INFO 22812 --- [todo-one] [restartedMain] com.ali.java.todo.TodoOneApplication     : Starting TodoOneApplication using Java 21.0.2 with PID 22812 (C:\Users\Electronica Care\Downloads\todo-one\todo-one\target\classes started by Electronica Care in C:\Users\Electronica Care\Downloads\todo-one\todo-one)
2024-05-04T14:28:26.486+02:00  INFO 22812 --- [todo-one] [restartedMain] com.ali.java.todo.TodoOneApplication     : No active profile set, falling back to 1 default profile: "default"
2024-05-04T14:28:26.842+02:00  INFO 22812 --- [todo-one] [restartedMain] .s.d.r.c.RepositoryConfigurationDelegate : Bootstrapping Spring Data JPA repositories in DEFAULT mode.
2024-05-04T14:28:26.861+02:00  INFO 22812 --- [todo-one] [restartedMain] .s.d.r.c.RepositoryConfigurationDelegate : Finished Spring Data repository scanning in 18 ms. Found 2 JPA repository interfaces.
2024-05-04T14:28:27.026+02:00  INFO 22812 --- [todo-one] [restartedMain] o.s.b.w.embedded.tomcat.TomcatWebServer  : Tomcat initialized with port 8080 (http)
2024-05-04T14:28:27.027+02:00  INFO 22812 --- [todo-one] [restartedMain] o.apache.catalina.core.StandardService   : Starting service [Tomcat]
2024-05-04T14:28:27.027+02:00  INFO 22812 --- [todo-one] [restartedMain] o.apache.catalina.core.StandardEngine    : Starting Servlet engine: [Apache Tomcat/10.1.20]
2024-05-04T14:28:27.045+02:00  INFO 22812 --- [todo-one] [restartedMain] o.a.c.c.C.[Tomcat].[localhost].[/]       : Initializing Spring embedded WebApplicationContext
2024-05-04T14:28:27.046+02:00  INFO 22812 --- [todo-one] [restartedMain] w.s.c.ServletWebServerApplicationContext : Root WebApplicationContext: initialization completed in 557 ms
2024-05-04T14:28:27.256+02:00  INFO 22812 --- [todo-one] [restartedMain] o.hibernate.jpa.internal.util.LogHelper  : HHH000204: Processing PersistenceUnitInfo [name: default]
2024-05-04T14:28:27.261+02:00  INFO 22812 --- [todo-one] [restartedMain] o.h.c.internal.RegionFactoryInitiator    : HHH000026: Second-level cache disabled
2024-05-04T14:28:27.273+02:00  INFO 22812 --- [todo-one] [restartedMain] o.s.o.j.p.SpringPersistenceUnitInfo      : No LoadTimeWeaver setup: ignoring JPA class transformer
2024-05-04T14:28:27.275+02:00  INFO 22812 --- [todo-one] [restartedMain] com.zaxxer.hikari.HikariDataSource       : HikariPool-3 - Starting...
2024-05-04T14:28:27.293+02:00  INFO 22812 --- [todo-one] [restartedMain] com.zaxxer.hikari.pool.HikariPool        : HikariPool-3 - Added connection com.mysql.cj.jdbc.ConnectionImpl@1f0f416a
2024-05-04T14:28:27.294+02:00  INFO 22812 --- [todo-one] [restartedMain] com.zaxxer.hikari.HikariDataSource       : HikariPool-3 - Start completed.
2024-05-04T14:28:27.372+02:00  INFO 22812 --- [todo-one] [restartedMain] o.h.e.t.j.p.i.JtaPlatformInitiator       : HHH000489: No JTA platform available (set 'hibernate.transaction.jta.platform' to enable JTA platform integration)
2024-05-04T14:28:27.391+02:00  INFO 22812 --- [todo-one] [restartedMain] j.LocalContainerEntityManagerFactoryBean : Initialized JPA EntityManagerFactory for persistence unit 'default'
2024-05-04T14:28:27.572+02:00  WARN 22812 --- [todo-one] [restartedMain] JpaBaseConfiguration$JpaWebConfiguration : spring.jpa.open-in-view is enabled by default. Therefore, database queries may be performed during view rendering. Explicitly configure spring.jpa.open-in-view to disable this warning
2024-05-04T14:28:27.914+02:00  INFO 22812 --- [todo-one] [restartedMain] o.s.b.d.a.OptionalLiveReloadServer       : LiveReload server is running on port 35729
2024-05-04T14:28:27.919+02:00  INFO 22812 --- [todo-one] [restartedMain] o.s.b.a.e.web.EndpointLinksResolver      : Exposing 3 endpoint(s) beneath base path '/actuator'
2024-05-04T14:28:27.937+02:00  INFO 22812 --- [todo-one] [restartedMain] o.s.b.w.embedded.tomcat.TomcatWebServer  : Tomcat started on port 8080 (http) with context path ''
2024-05-04T14:28:27.946+02:00  INFO 22812 --- [todo-one] [restartedMain] com.ali.java.todo.TodoOneApplication     : Started TodoOneApplication in 1.487 seconds (process running for 208.08)
2024-05-04T14:28:27.948+02:00  INFO 22812 --- [todo-one] [restartedMain] .ConditionEvaluationDeltaLoggingListener : Condition evaluation unchanged
2024-05-04T14:28:56.969+02:00  INFO 22812 --- [todo-one] [SpringApplicationShutdownHook] j.LocalContainerEntityManagerFactoryBean : Closing JPA EntityManagerFactory for persistence unit 'default'
2024-05-04T14:28:56.970+02:00  INFO 22812 --- [todo-one] [SpringApplicationShutdownHook] com.zaxxer.hikari.HikariDataSource       : HikariPool-3 - Shutdown initiated...
2024-05-04T14:28:56.975+02:00  INFO 22812 --- [todo-one] [SpringApplicationShutdownHook] com.zaxxer.hikari.HikariDataSource       : HikariPool-3 - Shutdown completed.
2024-05-04T14:28:59.179+02:00  INFO 23984 --- [todo-one] [restartedMain] com.ali.java.todo.TodoOneApplication     : Starting TodoOneApplication using Java 21.0.2 with PID 23984 (C:\Users\Electronica Care\Downloads\todo-one\todo-one\target\classes started by Electronica Care in C:\Users\Electronica Care\Downloads\todo-one\todo-one)
2024-05-04T14:28:59.182+02:00  INFO 23984 --- [todo-one] [restartedMain] com.ali.java.todo.TodoOneApplication     : No active profile set, falling back to 1 default profile: "default"
2024-05-04T14:28:59.268+02:00  INFO 23984 --- [todo-one] [restartedMain] .e.DevToolsPropertyDefaultsPostProcessor : Devtools property defaults active! Set 'spring.devtools.add-properties' to 'false' to disable
2024-05-04T14:28:59.268+02:00  INFO 23984 --- [todo-one] [restartedMain] .e.DevToolsPropertyDefaultsPostProcessor : For additional web related logging consider setting the 'logging.level.web' property to 'DEBUG'
2024-05-04T14:29:00.561+02:00  INFO 23984 --- [todo-one] [restartedMain] .s.d.r.c.RepositoryConfigurationDelegate : Bootstrapping Spring Data JPA repositories in DEFAULT mode.
2024-05-04T14:29:00.672+02:00  INFO 23984 --- [todo-one] [restartedMain] .s.d.r.c.RepositoryConfigurationDelegate : Finished Spring Data repository scanning in 98 ms. Found 2 JPA repository interfaces.
2024-05-04T14:29:01.820+02:00  INFO 23984 --- [todo-one] [restartedMain] o.s.b.w.embedded.tomcat.TomcatWebServer  : Tomcat initialized with port 8080 (http)
2024-05-04T14:29:01.842+02:00  INFO 23984 --- [todo-one] [restartedMain] o.apache.catalina.core.StandardService   : Starting service [Tomcat]
2024-05-04T14:29:01.842+02:00  INFO 23984 --- [todo-one] [restartedMain] o.apache.catalina.core.StandardEngine    : Starting Servlet engine: [Apache Tomcat/10.1.20]
2024-05-04T14:29:01.914+02:00  INFO 23984 --- [todo-one] [restartedMain] o.a.c.c.C.[Tomcat].[localhost].[/]       : Initializing Spring embedded WebApplicationContext
2024-05-04T14:29:01.914+02:00  INFO 23984 --- [todo-one] [restartedMain] w.s.c.ServletWebServerApplicationContext : Root WebApplicationContext: initialization completed in 2645 ms
2024-05-04T14:29:02.400+02:00  INFO 23984 --- [todo-one] [restartedMain] o.hibernate.jpa.internal.util.LogHelper  : HHH000204: Processing PersistenceUnitInfo [name: default]
2024-05-04T14:29:02.510+02:00  INFO 23984 --- [todo-one] [restartedMain] org.hibernate.Version                    : HHH000412: Hibernate ORM core version 6.4.4.Final
2024-05-04T14:29:02.562+02:00  INFO 23984 --- [todo-one] [restartedMain] o.h.c.internal.RegionFactoryInitiator    : HHH000026: Second-level cache disabled
2024-05-04T14:29:02.917+02:00  INFO 23984 --- [todo-one] [restartedMain] o.s.o.j.p.SpringPersistenceUnitInfo      : No LoadTimeWeaver setup: ignoring JPA class transformer
2024-05-04T14:29:02.961+02:00  INFO 23984 --- [todo-one] [restartedMain] com.zaxxer.hikari.HikariDataSource       : HikariPool-1 - Starting...
2024-05-04T14:29:03.449+02:00  INFO 23984 --- [todo-one] [restartedMain] com.zaxxer.hikari.pool.HikariPool        : HikariPool-1 - Added connection com.mysql.cj.jdbc.ConnectionImpl@48121c2a
2024-05-04T14:29:03.452+02:00  INFO 23984 --- [todo-one] [restartedMain] com.zaxxer.hikari.HikariDataSource       : HikariPool-1 - Start completed.
2024-05-04T14:29:04.513+02:00  INFO 23984 --- [todo-one] [restartedMain] o.h.e.t.j.p.i.JtaPlatformInitiator       : HHH000489: No JTA platform available (set 'hibernate.transaction.jta.platform' to enable JTA platform integration)
2024-05-04T14:29:04.580+02:00  INFO 23984 --- [todo-one] [restartedMain] j.LocalContainerEntityManagerFactoryBean : Initialized JPA EntityManagerFactory for persistence unit 'default'
2024-05-04T14:29:05.122+02:00  WARN 23984 --- [todo-one] [restartedMain] JpaBaseConfiguration$JpaWebConfiguration : spring.jpa.open-in-view is enabled by default. Therefore, database queries may be performed during view rendering. Explicitly configure spring.jpa.open-in-view to disable this warning
2024-05-04T14:29:06.158+02:00  INFO 23984 --- [todo-one] [restartedMain] o.s.b.d.a.OptionalLiveReloadServer       : LiveReload server is running on port 35729
2024-05-04T14:29:06.175+02:00  INFO 23984 --- [todo-one] [restartedMain] o.s.b.a.e.web.EndpointLinksResolver      : Exposing 3 endpoint(s) beneath base path '/actuator'
2024-05-04T14:29:06.277+02:00  INFO 23984 --- [todo-one] [restartedMain] o.s.b.w.embedded.tomcat.TomcatWebServer  : Tomcat started on port 8080 (http) with context path ''
2024-05-04T14:29:06.295+02:00  INFO 23984 --- [todo-one] [restartedMain] com.ali.java.todo.TodoOneApplication     : Started TodoOneApplication in 7.653 seconds (process running for 8.313)
2024-05-04T14:29:25.565+02:00  INFO 23984 --- [todo-one] [http-nio-8080-exec-2] o.a.c.c.C.[Tomcat].[localhost].[/]       : Initializing Spring DispatcherServlet 'dispatcherServlet'
2024-05-04T14:29:25.565+02:00  INFO 23984 --- [todo-one] [http-nio-8080-exec-2] o.s.web.servlet.DispatcherServlet        : Initializing Servlet 'dispatcherServlet'
2024-05-04T14:29:25.566+02:00  INFO 23984 --- [todo-one] [http-nio-8080-exec-2] o.s.web.servlet.DispatcherServlet        : Completed initialization in 1 ms
2024-05-04T14:29:58.601+02:00  INFO 23984 --- [todo-one] [File Watcher] rtingClassPathChangeChangedEventListener : Restarting due to 14 class path changes (0 additions, 14 deletions, 0 modifications)
2024-05-04T14:29:58.624+02:00  INFO 23984 --- [todo-one] [Thread-5] j.LocalContainerEntityManagerFactoryBean : Closing JPA EntityManagerFactory for persistence unit 'default'
2024-05-04T14:29:58.632+02:00  INFO 23984 --- [todo-one] [Thread-5] com.zaxxer.hikari.HikariDataSource       : HikariPool-1 - Shutdown initiated...
2024-05-04T14:29:58.652+02:00  INFO 23984 --- [todo-one] [Thread-5] com.zaxxer.hikari.HikariDataSource       : HikariPool-1 - Shutdown completed.
2024-05-04T14:30:07.304+02:00  INFO 21480 --- [todo-one] [restartedMain] com.ali.java.todo.TodoOneApplication     : Starting TodoOneApplication using Java 21.0.2 with PID 21480 (C:\Users\Electronica Care\Downloads\todo-one\todo-one\target\classes started by Electronica Care in C:\Users\Electronica Care\Downloads\todo-one\todo-one)
2024-05-04T14:30:07.306+02:00  INFO 21480 --- [todo-one] [restartedMain] com.ali.java.todo.TodoOneApplication     : No active profile set, falling back to 1 default profile: "default"
2024-05-04T14:30:07.366+02:00  INFO 21480 --- [todo-one] [restartedMain] .e.DevToolsPropertyDefaultsPostProcessor : Devtools property defaults active! Set 'spring.devtools.add-properties' to 'false' to disable
2024-05-04T14:30:07.367+02:00  INFO 21480 --- [todo-one] [restartedMain] .e.DevToolsPropertyDefaultsPostProcessor : For additional web related logging consider setting the 'logging.level.web' property to 'DEBUG'
2024-05-04T14:30:08.534+02:00  INFO 21480 --- [todo-one] [restartedMain] .s.d.r.c.RepositoryConfigurationDelegate : Bootstrapping Spring Data JPA repositories in DEFAULT mode.
2024-05-04T14:30:08.604+02:00  INFO 21480 --- [todo-one] [restartedMain] .s.d.r.c.RepositoryConfigurationDelegate : Finished Spring Data repository scanning in 61 ms. Found 2 JPA repository interfaces.
2024-05-04T14:30:09.524+02:00  INFO 21480 --- [todo-one] [restartedMain] o.s.b.w.embedded.tomcat.TomcatWebServer  : Tomcat initialized with port 8080 (http)
2024-05-04T14:30:09.539+02:00  INFO 21480 --- [todo-one] [restartedMain] o.apache.catalina.core.StandardService   : Starting service [Tomcat]
2024-05-04T14:30:09.539+02:00  INFO 21480 --- [todo-one] [restartedMain] o.apache.catalina.core.StandardEngine    : Starting Servlet engine: [Apache Tomcat/10.1.20]
2024-05-04T14:30:09.622+02:00  INFO 21480 --- [todo-one] [restartedMain] o.a.c.c.C.[Tomcat].[localhost].[/]       : Initializing Spring embedded WebApplicationContext
2024-05-04T14:30:09.623+02:00  INFO 21480 --- [todo-one] [restartedMain] w.s.c.ServletWebServerApplicationContext : Root WebApplicationContext: initialization completed in 2255 ms
2024-05-04T14:30:10.106+02:00  INFO 21480 --- [todo-one] [restartedMain] o.hibernate.jpa.internal.util.LogHelper  : HHH000204: Processing PersistenceUnitInfo [name: default]
2024-05-04T14:30:10.194+02:00  INFO 21480 --- [todo-one] [restartedMain] org.hibernate.Version                    : HHH000412: Hibernate ORM core version 6.4.4.Final
2024-05-04T14:30:10.272+02:00  INFO 21480 --- [todo-one] [restartedMain] o.h.c.internal.RegionFactoryInitiator    : HHH000026: Second-level cache disabled
2024-05-04T14:30:10.596+02:00  INFO 21480 --- [todo-one] [restartedMain] o.s.o.j.p.SpringPersistenceUnitInfo      : No LoadTimeWeaver setup: ignoring JPA class transformer
2024-05-04T14:30:10.628+02:00  INFO 21480 --- [todo-one] [restartedMain] com.zaxxer.hikari.HikariDataSource       : HikariPool-1 - Starting...
2024-05-04T14:30:10.963+02:00  INFO 21480 --- [todo-one] [restartedMain] com.zaxxer.hikari.pool.HikariPool        : HikariPool-1 - Added connection com.mysql.cj.jdbc.ConnectionImpl@5411f6e3
2024-05-04T14:30:10.966+02:00  INFO 21480 --- [todo-one] [restartedMain] com.zaxxer.hikari.HikariDataSource       : HikariPool-1 - Start completed.
2024-05-04T14:30:11.961+02:00  INFO 21480 --- [todo-one] [restartedMain] o.h.e.t.j.p.i.JtaPlatformInitiator       : HHH000489: No JTA platform available (set 'hibernate.transaction.jta.platform' to enable JTA platform integration)
2024-05-04T14:30:12.049+02:00  INFO 21480 --- [todo-one] [restartedMain] j.LocalContainerEntityManagerFactoryBean : Initialized JPA EntityManagerFactory for persistence unit 'default'
2024-05-04T14:30:12.500+02:00  WARN 21480 --- [todo-one] [restartedMain] JpaBaseConfiguration$JpaWebConfiguration : spring.jpa.open-in-view is enabled by default. Therefore, database queries may be performed during view rendering. Explicitly configure spring.jpa.open-in-view to disable this warning
2024-05-04T14:30:13.459+02:00  INFO 21480 --- [todo-one] [restartedMain] o.s.b.d.a.OptionalLiveReloadServer       : LiveReload server is running on port 35729
2024-05-04T14:30:13.473+02:00  INFO 21480 --- [todo-one] [restartedMain] o.s.b.a.e.web.EndpointLinksResolver      : Exposing 3 endpoint(s) beneath base path '/actuator'
2024-05-04T14:30:13.570+02:00  INFO 21480 --- [todo-one] [restartedMain] o.s.b.w.embedded.tomcat.TomcatWebServer  : Tomcat started on port 8080 (http) with context path ''
2024-05-04T14:30:13.584+02:00  INFO 21480 --- [todo-one] [restartedMain] com.ali.java.todo.TodoOneApplication     : Started TodoOneApplication in 6.87 seconds (process running for 7.564)
2024-05-04T14:30:28.015+02:00  INFO 21480 --- [todo-one] [http-nio-8080-exec-1] o.a.c.c.C.[Tomcat].[localhost].[/]       : Initializing Spring DispatcherServlet 'dispatcherServlet'
2024-05-04T14:30:28.016+02:00  INFO 21480 --- [todo-one] [http-nio-8080-exec-1] o.s.web.servlet.DispatcherServlet        : Initializing Servlet 'dispatcherServlet'
2024-05-04T14:30:28.017+02:00  INFO 21480 --- [todo-one] [http-nio-8080-exec-1] o.s.web.servlet.DispatcherServlet        : Completed initialization in 1 ms
2024-05-04T14:31:27.231+02:00  INFO 21480 --- [todo-one] [SpringApplicationShutdownHook] j.LocalContainerEntityManagerFactoryBean : Closing JPA EntityManagerFactory for persistence unit 'default'
2024-05-04T14:31:27.236+02:00  INFO 21480 --- [todo-one] [SpringApplicationShutdownHook] com.zaxxer.hikari.HikariDataSource       : HikariPool-1 - Shutdown initiated...
2024-05-04T14:31:27.246+02:00  INFO 21480 --- [todo-one] [SpringApplicationShutdownHook] com.zaxxer.hikari.HikariDataSource       : HikariPool-1 - Shutdown completed.
2024-05-04T14:31:35.314+02:00  INFO 2192 --- [todo-one] [restartedMain] com.ali.java.todo.TodoOneApplication     : Starting TodoOneApplication using Java 21.0.2 with PID 2192 (C:\Users\Electronica Care\Downloads\todo-one\todo-one\target\classes started by Electronica Care in C:\Users\Electronica Care\Downloads\todo-one\todo-one)
2024-05-04T14:31:35.316+02:00  INFO 2192 --- [todo-one] [restartedMain] com.ali.java.todo.TodoOneApplication     : No active profile set, falling back to 1 default profile: "default"
2024-05-04T14:31:35.387+02:00  INFO 2192 --- [todo-one] [restartedMain] .e.DevToolsPropertyDefaultsPostProcessor : Devtools property defaults active! Set 'spring.devtools.add-properties' to 'false' to disable
2024-05-04T14:31:35.388+02:00  INFO 2192 --- [todo-one] [restartedMain] .e.DevToolsPropertyDefaultsPostProcessor : For additional web related logging consider setting the 'logging.level.web' property to 'DEBUG'
2024-05-04T14:31:36.582+02:00  INFO 2192 --- [todo-one] [restartedMain] .s.d.r.c.RepositoryConfigurationDelegate : Bootstrapping Spring Data JPA repositories in DEFAULT mode.
2024-05-04T14:31:36.685+02:00  INFO 2192 --- [todo-one] [restartedMain] .s.d.r.c.RepositoryConfigurationDelegate : Finished Spring Data repository scanning in 93 ms. Found 2 JPA repository interfaces.
2024-05-04T14:31:37.673+02:00  INFO 2192 --- [todo-one] [restartedMain] o.s.b.w.embedded.tomcat.TomcatWebServer  : Tomcat initialized with port 8080 (http)
2024-05-04T14:31:37.693+02:00  INFO 2192 --- [todo-one] [restartedMain] o.apache.catalina.core.StandardService   : Starting service [Tomcat]
2024-05-04T14:31:37.693+02:00  INFO 2192 --- [todo-one] [restartedMain] o.apache.catalina.core.StandardEngine    : Starting Servlet engine: [Apache Tomcat/10.1.20]
2024-05-04T14:31:37.768+02:00  INFO 2192 --- [todo-one] [restartedMain] o.a.c.c.C.[Tomcat].[localhost].[/]       : Initializing Spring embedded WebApplicationContext
2024-05-04T14:31:37.769+02:00  INFO 2192 --- [todo-one] [restartedMain] w.s.c.ServletWebServerApplicationContext : Root WebApplicationContext: initialization completed in 2381 ms
2024-05-04T14:31:38.266+02:00  INFO 2192 --- [todo-one] [restartedMain] o.hibernate.jpa.internal.util.LogHelper  : HHH000204: Processing PersistenceUnitInfo [name: default]
2024-05-04T14:31:38.349+02:00  INFO 2192 --- [todo-one] [restartedMain] org.hibernate.Version                    : HHH000412: Hibernate ORM core version 6.4.4.Final
2024-05-04T14:31:38.402+02:00  INFO 2192 --- [todo-one] [restartedMain] o.h.c.internal.RegionFactoryInitiator    : HHH000026: Second-level cache disabled
2024-05-04T14:31:38.707+02:00  INFO 2192 --- [todo-one] [restartedMain] o.s.o.j.p.SpringPersistenceUnitInfo      : No LoadTimeWeaver setup: ignoring JPA class transformer
2024-05-04T14:31:38.744+02:00  INFO 2192 --- [todo-one] [restartedMain] com.zaxxer.hikari.HikariDataSource       : HikariPool-1 - Starting...
2024-05-04T14:31:39.121+02:00  INFO 2192 --- [todo-one] [restartedMain] com.zaxxer.hikari.pool.HikariPool        : HikariPool-1 - Added connection com.mysql.cj.jdbc.ConnectionImpl@1c834661
2024-05-04T14:31:39.124+02:00  INFO 2192 --- [todo-one] [restartedMain] com.zaxxer.hikari.HikariDataSource       : HikariPool-1 - Start completed.
2024-05-04T14:31:40.118+02:00  INFO 2192 --- [todo-one] [restartedMain] o.h.e.t.j.p.i.JtaPlatformInitiator       : HHH000489: No JTA platform available (set 'hibernate.transaction.jta.platform' to enable JTA platform integration)
2024-05-04T14:31:40.202+02:00  INFO 2192 --- [todo-one] [restartedMain] j.LocalContainerEntityManagerFactoryBean : Initialized JPA EntityManagerFactory for persistence unit 'default'
2024-05-04T14:31:40.619+02:00  WARN 2192 --- [todo-one] [restartedMain] JpaBaseConfiguration$JpaWebConfiguration : spring.jpa.open-in-view is enabled by default. Therefore, database queries may be performed during view rendering. Explicitly configure spring.jpa.open-in-view to disable this warning
2024-05-04T14:31:41.449+02:00  INFO 2192 --- [todo-one] [restartedMain] o.s.b.d.a.OptionalLiveReloadServer       : LiveReload server is running on port 35729
2024-05-04T14:31:41.463+02:00  INFO 2192 --- [todo-one] [restartedMain] o.s.b.a.e.web.EndpointLinksResolver      : Exposing 3 endpoint(s) beneath base path '/actuator'
2024-05-04T14:31:41.547+02:00  INFO 2192 --- [todo-one] [restartedMain] o.s.b.w.embedded.tomcat.TomcatWebServer  : Tomcat started on port 8080 (http) with context path ''
2024-05-04T14:31:41.562+02:00  INFO 2192 --- [todo-one] [restartedMain] com.ali.java.todo.TodoOneApplication     : Started TodoOneApplication in 6.82 seconds (process running for 7.383)
2024-05-04T14:32:32.028+02:00  INFO 2192 --- [todo-one] [File Watcher] rtingClassPathChangeChangedEventListener : Restarting due to 14 class path changes (0 additions, 11 deletions, 3 modifications)
2024-05-04T14:32:32.042+02:00  INFO 2192 --- [todo-one] [Thread-5] j.LocalContainerEntityManagerFactoryBean : Closing JPA EntityManagerFactory for persistence unit 'default'
2024-05-04T14:32:32.047+02:00  INFO 2192 --- [todo-one] [Thread-5] com.zaxxer.hikari.HikariDataSource       : HikariPool-1 - Shutdown initiated...
2024-05-04T14:32:32.059+02:00  INFO 2192 --- [todo-one] [Thread-5] com.zaxxer.hikari.HikariDataSource       : HikariPool-1 - Shutdown completed.
2024-05-04T14:32:32.166+02:00  INFO 2192 --- [todo-one] [restartedMain] com.ali.java.todo.TodoOneApplication     : Starting TodoOneApplication using Java 21.0.2 with PID 2192 (C:\Users\Electronica Care\Downloads\todo-one\todo-one\target\classes started by Electronica Care in C:\Users\Electronica Care\Downloads\todo-one\todo-one)
2024-05-04T14:32:32.167+02:00  INFO 2192 --- [todo-one] [restartedMain] com.ali.java.todo.TodoOneApplication     : No active profile set, falling back to 1 default profile: "default"
2024-05-04T14:32:32.742+02:00  INFO 2192 --- [todo-one] [restartedMain] .s.d.r.c.RepositoryConfigurationDelegate : Bootstrapping Spring Data JPA repositories in DEFAULT mode.
2024-05-04T14:32:32.751+02:00  INFO 2192 --- [todo-one] [restartedMain] .s.d.r.c.RepositoryConfigurationDelegate : Finished Spring Data repository scanning in 7 ms. Found 0 JPA repository interfaces.
2024-05-04T14:32:33.000+02:00  INFO 2192 --- [todo-one] [restartedMain] o.s.b.w.embedded.tomcat.TomcatWebServer  : Tomcat initialized with port 8080 (http)
2024-05-04T14:32:33.001+02:00  INFO 2192 --- [todo-one] [restartedMain] o.apache.catalina.core.StandardService   : Starting service [Tomcat]
2024-05-04T14:32:33.002+02:00  INFO 2192 --- [todo-one] [restartedMain] o.apache.catalina.core.StandardEngine    : Starting Servlet engine: [Apache Tomcat/10.1.20]
2024-05-04T14:32:33.031+02:00  INFO 2192 --- [todo-one] [restartedMain] o.a.c.c.C.[Tomcat].[localhost].[/]       : Initializing Spring embedded WebApplicationContext
2024-05-04T14:32:33.031+02:00  INFO 2192 --- [todo-one] [restartedMain] w.s.c.ServletWebServerApplicationContext : Root WebApplicationContext: initialization completed in 861 ms
2024-05-04T14:32:33.231+02:00  INFO 2192 --- [todo-one] [restartedMain] o.hibernate.jpa.internal.util.LogHelper  : HHH000204: Processing PersistenceUnitInfo [name: default]
2024-05-04T14:32:33.241+02:00  INFO 2192 --- [todo-one] [restartedMain] o.h.c.internal.RegionFactoryInitiator    : HHH000026: Second-level cache disabled
2024-05-04T14:32:33.251+02:00  INFO 2192 --- [todo-one] [restartedMain] o.s.o.j.p.SpringPersistenceUnitInfo      : No LoadTimeWeaver setup: ignoring JPA class transformer
2024-05-04T14:32:33.254+02:00  INFO 2192 --- [todo-one] [restartedMain] com.zaxxer.hikari.HikariDataSource       : HikariPool-2 - Starting...
2024-05-04T14:32:33.281+02:00  INFO 2192 --- [todo-one] [restartedMain] com.zaxxer.hikari.pool.HikariPool        : HikariPool-2 - Added connection com.mysql.cj.jdbc.ConnectionImpl@3574c4e9
2024-05-04T14:32:33.282+02:00  INFO 2192 --- [todo-one] [restartedMain] com.zaxxer.hikari.HikariDataSource       : HikariPool-2 - Start completed.
2024-05-04T14:32:33.379+02:00  INFO 2192 --- [todo-one] [restartedMain] o.h.e.t.j.p.i.JtaPlatformInitiator       : HHH000489: No JTA platform available (set 'hibernate.transaction.jta.platform' to enable JTA platform integration)
2024-05-04T14:32:33.405+02:00  INFO 2192 --- [todo-one] [restartedMain] j.LocalContainerEntityManagerFactoryBean : Initialized JPA EntityManagerFactory for persistence unit 'default'
2024-05-04T14:32:33.495+02:00  WARN 2192 --- [todo-one] [restartedMain] JpaBaseConfiguration$JpaWebConfiguration : spring.jpa.open-in-view is enabled by default. Therefore, database queries may be performed during view rendering. Explicitly configure spring.jpa.open-in-view to disable this warning
2024-05-04T14:32:34.153+02:00  INFO 2192 --- [todo-one] [restartedMain] o.s.b.d.a.OptionalLiveReloadServer       : LiveReload server is running on port 35729
2024-05-04T14:32:34.160+02:00  INFO 2192 --- [todo-one] [restartedMain] o.s.b.a.e.web.EndpointLinksResolver      : Exposing 3 endpoint(s) beneath base path '/actuator'
2024-05-04T14:32:34.186+02:00  INFO 2192 --- [todo-one] [restartedMain] o.s.b.w.embedded.tomcat.TomcatWebServer  : Tomcat started on port 8080 (http) with context path ''
2024-05-04T14:32:34.194+02:00  INFO 2192 --- [todo-one] [restartedMain] com.ali.java.todo.TodoOneApplication     : Started TodoOneApplication in 2.076 seconds (process running for 60.015)
2024-05-04T14:32:34.199+02:00  INFO 2192 --- [todo-one] [restartedMain] .ConditionEvaluationDeltaLoggingListener : Condition evaluation unchanged
2024-05-04T14:32:35.579+02:00  INFO 2192 --- [todo-one] [File Watcher] rtingClassPathChangeChangedEventListener : Restarting due to 11 class path changes (11 additions, 0 deletions, 0 modifications)
2024-05-04T14:32:35.586+02:00  INFO 2192 --- [todo-one] [Thread-7] j.LocalContainerEntityManagerFactoryBean : Closing JPA EntityManagerFactory for persistence unit 'default'
2024-05-04T14:32:35.587+02:00  INFO 2192 --- [todo-one] [Thread-7] com.zaxxer.hikari.HikariDataSource       : HikariPool-2 - Shutdown initiated...
2024-05-04T14:32:35.593+02:00  INFO 2192 --- [todo-one] [Thread-7] com.zaxxer.hikari.HikariDataSource       : HikariPool-2 - Shutdown completed.
2024-05-04T14:32:35.673+02:00  INFO 2192 --- [todo-one] [restartedMain] com.ali.java.todo.TodoOneApplication     : Starting TodoOneApplication using Java 21.0.2 with PID 2192 (C:\Users\Electronica Care\Downloads\todo-one\todo-one\target\classes started by Electronica Care in C:\Users\Electronica Care\Downloads\todo-one\todo-one)
2024-05-04T14:32:35.674+02:00  INFO 2192 --- [todo-one] [restartedMain] com.ali.java.todo.TodoOneApplication     : No active profile set, falling back to 1 default profile: "default"
2024-05-04T14:32:36.085+02:00  INFO 2192 --- [todo-one] [restartedMain] .s.d.r.c.RepositoryConfigurationDelegate : Bootstrapping Spring Data JPA repositories in DEFAULT mode.
2024-05-04T14:32:36.102+02:00  INFO 2192 --- [todo-one] [restartedMain] .s.d.r.c.RepositoryConfigurationDelegate : Finished Spring Data repository scanning in 16 ms. Found 2 JPA repository interfaces.
2024-05-04T14:32:36.348+02:00  INFO 2192 --- [todo-one] [restartedMain] o.s.b.w.embedded.tomcat.TomcatWebServer  : Tomcat initialized with port 8080 (http)
2024-05-04T14:32:36.349+02:00  INFO 2192 --- [todo-one] [restartedMain] o.apache.catalina.core.StandardService   : Starting service [Tomcat]
2024-05-04T14:32:36.350+02:00  INFO 2192 --- [todo-one] [restartedMain] o.apache.catalina.core.StandardEngine    : Starting Servlet engine: [Apache Tomcat/10.1.20]
2024-05-04T14:32:36.384+02:00  INFO 2192 --- [todo-one] [restartedMain] o.a.c.c.C.[Tomcat].[localhost].[/]       : Initializing Spring embedded WebApplicationContext
2024-05-04T14:32:36.384+02:00  INFO 2192 --- [todo-one] [restartedMain] w.s.c.ServletWebServerApplicationContext : Root WebApplicationContext: initialization completed in 708 ms
2024-05-04T14:32:36.572+02:00  INFO 2192 --- [todo-one] [restartedMain] o.hibernate.jpa.internal.util.LogHelper  : HHH000204: Processing PersistenceUnitInfo [name: default]
2024-05-04T14:32:36.576+02:00  INFO 2192 --- [todo-one] [restartedMain] o.h.c.internal.RegionFactoryInitiator    : HHH000026: Second-level cache disabled
2024-05-04T14:32:36.584+02:00  INFO 2192 --- [todo-one] [restartedMain] o.s.o.j.p.SpringPersistenceUnitInfo      : No LoadTimeWeaver setup: ignoring JPA class transformer
2024-05-04T14:32:36.586+02:00  INFO 2192 --- [todo-one] [restartedMain] com.zaxxer.hikari.HikariDataSource       : HikariPool-3 - Starting...
2024-05-04T14:32:36.604+02:00  INFO 2192 --- [todo-one] [restartedMain] com.zaxxer.hikari.pool.HikariPool        : HikariPool-3 - Added connection com.mysql.cj.jdbc.ConnectionImpl@6ebf9125
2024-05-04T14:32:36.605+02:00  INFO 2192 --- [todo-one] [restartedMain] com.zaxxer.hikari.HikariDataSource       : HikariPool-3 - Start completed.
2024-05-04T14:32:36.666+02:00  INFO 2192 --- [todo-one] [restartedMain] o.h.e.t.j.p.i.JtaPlatformInitiator       : HHH000489: No JTA platform available (set 'hibernate.transaction.jta.platform' to enable JTA platform integration)
2024-05-04T14:32:36.684+02:00  INFO 2192 --- [todo-one] [restartedMain] j.LocalContainerEntityManagerFactoryBean : Initialized JPA EntityManagerFactory for persistence unit 'default'
2024-05-04T14:32:36.867+02:00  WARN 2192 --- [todo-one] [restartedMain] JpaBaseConfiguration$JpaWebConfiguration : spring.jpa.open-in-view is enabled by default. Therefore, database queries may be performed during view rendering. Explicitly configure spring.jpa.open-in-view to disable this warning
2024-05-04T14:32:37.339+02:00  INFO 2192 --- [todo-one] [restartedMain] o.s.b.d.a.OptionalLiveReloadServer       : LiveReload server is running on port 35729
2024-05-04T14:32:37.344+02:00  INFO 2192 --- [todo-one] [restartedMain] o.s.b.a.e.web.EndpointLinksResolver      : Exposing 3 endpoint(s) beneath base path '/actuator'
2024-05-04T14:32:37.362+02:00  INFO 2192 --- [todo-one] [restartedMain] o.s.b.w.embedded.tomcat.TomcatWebServer  : Tomcat started on port 8080 (http) with context path ''
2024-05-04T14:32:37.369+02:00  INFO 2192 --- [todo-one] [restartedMain] com.ali.java.todo.TodoOneApplication     : Started TodoOneApplication in 1.725 seconds (process running for 63.19)
2024-05-04T14:32:37.371+02:00  INFO 2192 --- [todo-one] [restartedMain] .ConditionEvaluationDeltaLoggingListener : Condition evaluation unchanged
2024-05-04T14:33:12.281+02:00  INFO 2192 --- [todo-one] [SpringApplicationShutdownHook] j.LocalContainerEntityManagerFactoryBean : Closing JPA EntityManagerFactory for persistence unit 'default'
2024-05-04T14:33:12.282+02:00  INFO 2192 --- [todo-one] [SpringApplicationShutdownHook] com.zaxxer.hikari.HikariDataSource       : HikariPool-3 - Shutdown initiated...
2024-05-04T14:33:12.288+02:00  INFO 2192 --- [todo-one] [SpringApplicationShutdownHook] com.zaxxer.hikari.HikariDataSource       : HikariPool-3 - Shutdown completed.
2024-05-04T14:33:15.412+02:00  INFO 22164 --- [todo-one] [restartedMain] com.ali.java.todo.TodoOneApplication     : Starting TodoOneApplication using Java 21.0.2 with PID 22164 (C:\Users\Electronica Care\Downloads\todo-one\todo-one\target\classes started by Electronica Care in C:\Users\Electronica Care\Downloads\todo-one\todo-one)
2024-05-04T14:33:15.417+02:00  INFO 22164 --- [todo-one] [restartedMain] com.ali.java.todo.TodoOneApplication     : No active profile set, falling back to 1 default profile: "default"
2024-05-04T14:33:15.515+02:00  INFO 22164 --- [todo-one] [restartedMain] .e.DevToolsPropertyDefaultsPostProcessor : Devtools property defaults active! Set 'spring.devtools.add-properties' to 'false' to disable
2024-05-04T14:33:15.515+02:00  INFO 22164 --- [todo-one] [restartedMain] .e.DevToolsPropertyDefaultsPostProcessor : For additional web related logging consider setting the 'logging.level.web' property to 'DEBUG'
2024-05-04T14:33:16.714+02:00  INFO 22164 --- [todo-one] [restartedMain] .s.d.r.c.RepositoryConfigurationDelegate : Bootstrapping Spring Data JPA repositories in DEFAULT mode.
2024-05-04T14:33:16.777+02:00  INFO 22164 --- [todo-one] [restartedMain] .s.d.r.c.RepositoryConfigurationDelegate : Finished Spring Data repository scanning in 55 ms. Found 2 JPA repository interfaces.
2024-05-04T14:33:17.772+02:00  INFO 22164 --- [todo-one] [restartedMain] o.s.b.w.embedded.tomcat.TomcatWebServer  : Tomcat initialized with port 8080 (http)
2024-05-04T14:33:17.794+02:00  INFO 22164 --- [todo-one] [restartedMain] o.apache.catalina.core.StandardService   : Starting service [Tomcat]
2024-05-04T14:33:17.795+02:00  INFO 22164 --- [todo-one] [restartedMain] o.apache.catalina.core.StandardEngine    : Starting Servlet engine: [Apache Tomcat/10.1.20]
2024-05-04T14:33:17.868+02:00  INFO 22164 --- [todo-one] [restartedMain] o.a.c.c.C.[Tomcat].[localhost].[/]       : Initializing Spring embedded WebApplicationContext
2024-05-04T14:33:17.869+02:00  INFO 22164 --- [todo-one] [restartedMain] w.s.c.ServletWebServerApplicationContext : Root WebApplicationContext: initialization completed in 2352 ms
2024-05-04T14:33:18.307+02:00  INFO 22164 --- [todo-one] [restartedMain] o.hibernate.jpa.internal.util.LogHelper  : HHH000204: Processing PersistenceUnitInfo [name: default]
2024-05-04T14:33:18.382+02:00  INFO 22164 --- [todo-one] [restartedMain] org.hibernate.Version                    : HHH000412: Hibernate ORM core version 6.4.4.Final
2024-05-04T14:33:18.432+02:00  INFO 22164 --- [todo-one] [restartedMain] o.h.c.internal.RegionFactoryInitiator    : HHH000026: Second-level cache disabled
2024-05-04T14:33:18.697+02:00  INFO 22164 --- [todo-one] [restartedMain] o.s.o.j.p.SpringPersistenceUnitInfo      : No LoadTimeWeaver setup: ignoring JPA class transformer
2024-05-04T14:33:18.726+02:00  INFO 22164 --- [todo-one] [restartedMain] com.zaxxer.hikari.HikariDataSource       : HikariPool-1 - Starting...
2024-05-04T14:33:19.091+02:00  INFO 22164 --- [todo-one] [restartedMain] com.zaxxer.hikari.pool.HikariPool        : HikariPool-1 - Added connection com.mysql.cj.jdbc.ConnectionImpl@390fe2b1
2024-05-04T14:33:19.093+02:00  INFO 22164 --- [todo-one] [restartedMain] com.zaxxer.hikari.HikariDataSource       : HikariPool-1 - Start completed.
2024-05-04T14:33:20.023+02:00  INFO 22164 --- [todo-one] [restartedMain] o.h.e.t.j.p.i.JtaPlatformInitiator       : HHH000489: No JTA platform available (set 'hibernate.transaction.jta.platform' to enable JTA platform integration)
2024-05-04T14:33:20.081+02:00  INFO 22164 --- [todo-one] [restartedMain] j.LocalContainerEntityManagerFactoryBean : Initialized JPA EntityManagerFactory for persistence unit 'default'
2024-05-04T14:33:20.523+02:00  WARN 22164 --- [todo-one] [restartedMain] JpaBaseConfiguration$JpaWebConfiguration : spring.jpa.open-in-view is enabled by default. Therefore, database queries may be performed during view rendering. Explicitly configure spring.jpa.open-in-view to disable this warning
2024-05-04T14:33:21.375+02:00  INFO 22164 --- [todo-one] [restartedMain] o.s.b.d.a.OptionalLiveReloadServer       : LiveReload server is running on port 35729
2024-05-04T14:33:21.388+02:00  INFO 22164 --- [todo-one] [restartedMain] o.s.b.a.e.web.EndpointLinksResolver      : Exposing 3 endpoint(s) beneath base path '/actuator'
2024-05-04T14:33:21.477+02:00  INFO 22164 --- [todo-one] [restartedMain] o.s.b.w.embedded.tomcat.TomcatWebServer  : Tomcat started on port 8080 (http) with context path ''
2024-05-04T14:33:21.493+02:00  INFO 22164 --- [todo-one] [restartedMain] com.ali.java.todo.TodoOneApplication     : Started TodoOneApplication in 6.596 seconds (process running for 7.134)
